DEPRECATION WARNING: RAILS_ROOT is deprecated. Please use ::Rails.root.to_s. (called from /Users/travis/dev/tc/tc/vendor/plugins/calendar_date_select/lib/calendar_date_select.rb:25)


Started GET "/" for 127.0.0.1 at Wed Nov 24 15:18:03 -0800 2010
  Processing by HomeController#index as HTML
DEPRECATION WARNING: <% %> style block helpers are deprecated. Please use <%= %>. (called from _app_views_home__entity_html_erb__160495476_2174702800_755390 at /Users/travis/dev/tc/tc/app/views/home/_entity.html.erb:29)
DEPRECATION WARNING: <% %> style block helpers are deprecated. Please use <%= %>. (called from _app_views_home__entity_html_erb__160495476_2174702800_755390 at /Users/travis/dev/tc/tc/app/views/home/_entity.html.erb:91)
Rendered home/_entity.html.erb (89.8ms)
Rendered home/_attributes.erb (100.7ms)
Rendered home/_more_search_tools.html.erb (217.0ms)
DEPRECATION WARNING: <% %> style block helpers are deprecated. Please use <%= %>. (called from _app_views_home_index_html_erb___526244045_2174777020_0 at /Users/travis/dev/tc/tc/app/views/home/index.html.erb:9)
Rendered home/index.html.erb within layouts/application (365.7ms)
Completed 200 OK in 412ms (Views: 411.8ms | ActiveRecord: 0.0ms)


Started POST "/home/find_suggestion" for 127.0.0.1 at Wed Nov 24 15:18:09 -0800 2010
  Processing by HomeController#find_suggestion as JS
  Parameters: {"m"=>"music", "c"=>"US", "hf_release_year"=>"", "hf_cboxgenre"=>{"disney"=>"", "world"=>"", "vocal"=>"", "country"=>"", "comedy"=>"", "inspirational"=>"", "reggae"=>"", "rnbsoul"=>"", "heavymetal"=>"", "alternative"=>"", "soundtrack"=>"", "singersongwriter"=>"", "pop"=>"", "bluegrass"=>"", "classical"=>"", "newAge"=>"", "rock"=>"", "hipHopRap"=>"", "electronic"=>"", "dance"=>""}, "authenticity_token"=>"aYULZg+RdhM1Nct0InYuBXQR8XL4NvB79m8Uue55Z4g=", "utf8"=>"✓", "hf_decade"=>"", "q"=>"joh", "hf_release_year_from"=>"", "_"=>"", "hf_release_year_to"=>""}
Rendered home/find_suggestion.html.erb within layouts/application (29.0ms)
Completed 200 OK in 625ms (Views: 56.4ms | ActiveRecord: 0.0ms)


Started POST "/home/find_suggestion" for 127.0.0.1 at Wed Nov 24 15:18:10 -0800 2010
  Processing by HomeController#find_suggestion as JS
  Parameters: {"m"=>"music", "c"=>"US", "hf_release_year"=>"", "hf_cboxgenre"=>{"disney"=>"", "world"=>"", "vocal"=>"", "country"=>"", "comedy"=>"", "inspirational"=>"", "reggae"=>"", "rnbsoul"=>"", "heavymetal"=>"", "alternative"=>"", "soundtrack"=>"", "singersongwriter"=>"", "pop"=>"", "bluegrass"=>"", "classical"=>"", "newAge"=>"", "rock"=>"", "hipHopRap"=>"", "electronic"=>"", "dance"=>""}, "authenticity_token"=>"aYULZg+RdhM1Nct0InYuBXQR8XL4NvB79m8Uue55Z4g=", "utf8"=>"✓", "hf_decade"=>"", "q"=>"john", "hf_release_year_from"=>"", "_"=>"", "hf_release_year_to"=>""}
Rendered home/find_suggestion.html.erb within layouts/application (4.7ms)
Completed 200 OK in 997ms (Views: 17.4ms | ActiveRecord: 0.0ms)


Started POST "/home/find_suggestion" for 127.0.0.1 at Wed Nov 24 15:18:13 -0800 2010
  Processing by HomeController#find_suggestion as JS
  Parameters: {"m"=>"music", "c"=>"US", "hf_release_year"=>"", "hf_cboxgenre"=>{"disney"=>"", "world"=>"", "vocal"=>"", "country"=>"", "comedy"=>"", "inspirational"=>"", "reggae"=>"", "rnbsoul"=>"", "heavymetal"=>"", "alternative"=>"", "soundtrack"=>"", "singersongwriter"=>"", "pop"=>"", "bluegrass"=>"", "classical"=>"", "newAge"=>"", "rock"=>"", "hipHopRap"=>"", "electronic"=>"", "dance"=>""}, "authenticity_token"=>"aYULZg+RdhM1Nct0InYuBXQR8XL4NvB79m8Uue55Z4g=", "utf8"=>"✓", "hf_decade"=>"", "q"=>"johnny", "hf_release_year_from"=>"", "_"=>"", "hf_release_year_to"=>""}
Rendered home/find_suggestion.html.erb within layouts/application (4.5ms)
Completed 200 OK in 463ms (Views: 17.8ms | ActiveRecord: 0.0ms)


Started POST "/home/find_suggestion" for 127.0.0.1 at Wed Nov 24 15:18:15 -0800 2010
  Processing by HomeController#find_suggestion as JS
  Parameters: {"m"=>"music", "c"=>"US", "hf_release_year"=>"", "hf_cboxgenre"=>{"disney"=>"", "world"=>"", "vocal"=>"", "country"=>"", "comedy"=>"", "inspirational"=>"", "reggae"=>"", "rnbsoul"=>"", "heavymetal"=>"", "alternative"=>"", "soundtrack"=>"", "singersongwriter"=>"", "pop"=>"", "bluegrass"=>"", "classical"=>"", "newAge"=>"", "rock"=>"", "hipHopRap"=>"", "electronic"=>"", "dance"=>""}, "authenticity_token"=>"aYULZg+RdhM1Nct0InYuBXQR8XL4NvB79m8Uue55Z4g=", "utf8"=>"✓", "hf_decade"=>"", "q"=>"johnny ca", "hf_release_year_from"=>"", "_"=>"", "hf_release_year_to"=>""}
Rendered home/find_suggestion.html.erb within layouts/application (4.7ms)
Completed 200 OK in 465ms (Views: 17.3ms | ActiveRecord: 0.0ms)


Started POST "/home/find_suggestion" for 127.0.0.1 at Wed Nov 24 15:18:16 -0800 2010
  Processing by HomeController#find_suggestion as JS
  Parameters: {"m"=>"music", "c"=>"US", "hf_release_year"=>"", "hf_cboxgenre"=>{"disney"=>"", "world"=>"", "vocal"=>"", "country"=>"", "comedy"=>"", "inspirational"=>"", "reggae"=>"", "rnbsoul"=>"", "heavymetal"=>"", "alternative"=>"", "soundtrack"=>"", "singersongwriter"=>"", "pop"=>"", "bluegrass"=>"", "classical"=>"", "newAge"=>"", "rock"=>"", "hipHopRap"=>"", "electronic"=>"", "dance"=>""}, "authenticity_token"=>"aYULZg+RdhM1Nct0InYuBXQR8XL4NvB79m8Uue55Z4g=", "utf8"=>"✓", "hf_decade"=>"", "q"=>"johnny cash", "hf_release_year_from"=>"", "_"=>"", "hf_release_year_to"=>""}
Rendered home/find_suggestion.html.erb within layouts/application (4.8ms)
Completed 200 OK in 464ms (Views: 19.7ms | ActiveRecord: 0.0ms)


Started POST "/home/find_suggestion" for 127.0.0.1 at Wed Nov 24 15:18:27 -0800 2010
  Processing by HomeController#find_suggestion as JS
  Parameters: {"st_decade"=>"", "commit"=>"", "country"=>"US", "authenticity_token"=>"aYULZg+RdhM1Nct0InYuBXQR8XL4NvB79m8Uue55Z4g=", "utf8"=>"✓", "date"=>{"release_year"=>"1965", "release_year_to"=>"", "release_year_from"=>""}, "cboxgenre"=>{"disney"=>"", "world"=>"", "vocal"=>"", "country"=>"", "comedy"=>"", "inspirational"=>"", "reggae"=>"", "rnbsoul"=>"", "heavymetal"=>"", "alternative"=>"", "soundtrack"=>"", "singersongwriter"=>"", "pop"=>"", "bluegrass"=>"", "classical"=>"", "newAge"=>"", "rock"=>"", "hipHopRap"=>"", "electronic"=>"", "dance"=>""}, "media"=>"music", "_"=>"", "query"=>"johnny cash"}
Rendered home/find_suggestion.html.erb within layouts/application (3.1ms)
Completed 200 OK in 379ms (Views: 16.6ms | ActiveRecord: 0.0ms)


Started POST "/home/find_suggestion" for 127.0.0.1 at Wed Nov 24 15:18:30 -0800 2010
  Processing by HomeController#find_suggestion as JS
  Parameters: {"st_decade"=>"", "commit"=>"", "country"=>"US", "authenticity_token"=>"aYULZg+RdhM1Nct0InYuBXQR8XL4NvB79m8Uue55Z4g=", "utf8"=>"✓", "date"=>{"release_year"=>"1978", "release_year_to"=>"", "release_year_from"=>""}, "cboxgenre"=>{"disney"=>"", "world"=>"", "vocal"=>"", "country"=>"", "comedy"=>"", "inspirational"=>"", "reggae"=>"", "rnbsoul"=>"", "heavymetal"=>"", "alternative"=>"", "soundtrack"=>"", "singersongwriter"=>"", "pop"=>"", "bluegrass"=>"", "classical"=>"", "newAge"=>"", "rock"=>"", "hipHopRap"=>"", "electronic"=>"", "dance"=>""}, "media"=>"music", "_"=>"", "query"=>"johnny cash"}
Rendered home/find_suggestion.html.erb within layouts/application (3.4ms)
Completed 200 OK in 362ms (Views: 16.5ms | ActiveRecord: 0.0ms)


Started POST "/home/find_suggestion" for 127.0.0.1 at Wed Nov 24 15:18:35 -0800 2010
  Processing by HomeController#find_suggestion as JS
  Parameters: {"st_decade"=>"", "commit"=>"", "country"=>"US", "authenticity_token"=>"aYULZg+RdhM1Nct0InYuBXQR8XL4NvB79m8Uue55Z4g=", "utf8"=>"✓", "date"=>{"release_year"=>"1985", "release_year_to"=>"", "release_year_from"=>""}, "cboxgenre"=>{"disney"=>"", "world"=>"", "vocal"=>"", "country"=>"", "comedy"=>"", "inspirational"=>"", "reggae"=>"", "rnbsoul"=>"", "heavymetal"=>"", "alternative"=>"", "soundtrack"=>"", "singersongwriter"=>"", "pop"=>"", "bluegrass"=>"", "classical"=>"", "newAge"=>"", "rock"=>"", "hipHopRap"=>"", "electronic"=>"", "dance"=>""}, "media"=>"music", "_"=>"", "query"=>"johnny cash"}
Rendered home/find_suggestion.html.erb within layouts/application (3.2ms)
Completed 200 OK in 367ms (Views: 16.2ms | ActiveRecord: 0.0ms)


Started POST "/home/find_suggestion" for 127.0.0.1 at Wed Nov 24 15:18:38 -0800 2010
  Processing by HomeController#find_suggestion as JS
  Parameters: {"st_decade"=>"", "commit"=>"", "country"=>"US", "authenticity_token"=>"aYULZg+RdhM1Nct0InYuBXQR8XL4NvB79m8Uue55Z4g=", "utf8"=>"✓", "date"=>{"release_year"=>"", "release_year_to"=>"", "release_year_from"=>""}, "cboxgenre"=>{"disney"=>"", "world"=>"", "vocal"=>"", "country"=>"", "comedy"=>"", "inspirational"=>"", "reggae"=>"", "rnbsoul"=>"", "heavymetal"=>"", "alternative"=>"", "soundtrack"=>"", "singersongwriter"=>"", "pop"=>"", "bluegrass"=>"", "classical"=>"", "newAge"=>"", "rock"=>"", "hipHopRap"=>"", "electronic"=>"", "dance"=>""}, "media"=>"music", "_"=>"", "query"=>"johnny cash"}
Rendered home/find_suggestion.html.erb within layouts/application (4.6ms)
Completed 200 OK in 358ms (Views: 18.7ms | ActiveRecord: 0.0ms)


Started POST "/home/find_suggestion" for 127.0.0.1 at Wed Nov 24 15:18:44 -0800 2010
  Processing by HomeController#find_suggestion as JS
  Parameters: {"st_decade"=>"", "commit"=>"", "country"=>"US", "authenticity_token"=>"aYULZg+RdhM1Nct0InYuBXQR8XL4NvB79m8Uue55Z4g=", "utf8"=>"✓", "date"=>{"release_year"=>"1990", "release_year_to"=>"", "release_year_from"=>""}, "cboxgenre"=>{"disney"=>"", "world"=>"", "vocal"=>"", "country"=>"", "comedy"=>"", "inspirational"=>"", "reggae"=>"", "rnbsoul"=>"", "heavymetal"=>"", "alternative"=>"", "soundtrack"=>"", "singersongwriter"=>"", "pop"=>"", "bluegrass"=>"", "classical"=>"", "newAge"=>"", "rock"=>"", "hipHopRap"=>"", "electronic"=>"", "dance"=>""}, "media"=>"music", "_"=>"", "query"=>"johnny cash"}
Rendered home/find_suggestion.html.erb within layouts/application (3.3ms)
Completed 200 OK in 676ms (Views: 16.5ms | ActiveRecord: 0.0ms)
DEPRECATION WARNING: RAILS_ROOT is deprecated. Please use ::Rails.root.to_s. (called from /Users/travis/dev/tc/tc/vendor/plugins/calendar_date_select/lib/calendar_date_select.rb:25)


Started GET "/" for 127.0.0.1 at Wed Nov 24 15:21:31 -0800 2010
  Processing by HomeController#index as HTML
DEPRECATION WARNING: <% %> style block helpers are deprecated. Please use <%= %>. (called from _app_views_home__entity_html_erb__160495476_2173295280_755390 at /Users/travis/dev/tc/tc/app/views/home/_entity.html.erb:29)
DEPRECATION WARNING: <% %> style block helpers are deprecated. Please use <%= %>. (called from _app_views_home__entity_html_erb__160495476_2173295280_755390 at /Users/travis/dev/tc/tc/app/views/home/_entity.html.erb:91)
Rendered home/_entity.html.erb (105.9ms)
Rendered home/_attributes.erb (37.3ms)
Rendered home/_more_search_tools.html.erb (160.1ms)
DEPRECATION WARNING: <% %> style block helpers are deprecated. Please use <%= %>. (called from _app_views_home_index_html_erb___526244045_2173344080_0 at /Users/travis/dev/tc/tc/app/views/home/index.html.erb:9)
Rendered home/index.html.erb within layouts/application (282.5ms)
Completed 200 OK in 316ms (Views: 315.8ms | ActiveRecord: 0.0ms)


Started POST "/home/find_suggestion" for 127.0.0.1 at Wed Nov 24 15:21:35 -0800 2010
  Processing by HomeController#find_suggestion as JS
  Parameters: {"m"=>"music", "c"=>"US", "hf_release_year"=>"", "hf_cboxgenre"=>{"disney"=>"", "world"=>"", "vocal"=>"", "country"=>"", "comedy"=>"", "inspirational"=>"", "reggae"=>"", "rnbsoul"=>"", "heavymetal"=>"", "alternative"=>"", "soundtrack"=>"", "singersongwriter"=>"", "pop"=>"", "bluegrass"=>"", "classical"=>"", "newAge"=>"", "rock"=>"", "hipHopRap"=>"", "electronic"=>"", "dance"=>""}, "authenticity_token"=>"aYULZg+RdhM1Nct0InYuBXQR8XL4NvB79m8Uue55Z4g=", "utf8"=>"✓", "hf_decade"=>"", "q"=>"ca", "hf_release_year_from"=>"", "_"=>"", "hf_release_year_to"=>""}
Rendered home/find_suggestion.html.erb within layouts/application (30.2ms)
Completed 200 OK in 746ms (Views: 44.2ms | ActiveRecord: 0.0ms)


Started POST "/home/find_suggestion" for 127.0.0.1 at Wed Nov 24 15:21:36 -0800 2010
  Processing by HomeController#find_suggestion as JS
  Parameters: {"m"=>"music", "c"=>"US", "hf_release_year"=>"", "hf_cboxgenre"=>{"disney"=>"", "world"=>"", "vocal"=>"", "country"=>"", "comedy"=>"", "inspirational"=>"", "reggae"=>"", "rnbsoul"=>"", "heavymetal"=>"", "alternative"=>"", "soundtrack"=>"", "singersongwriter"=>"", "pop"=>"", "bluegrass"=>"", "classical"=>"", "newAge"=>"", "rock"=>"", "hipHopRap"=>"", "electronic"=>"", "dance"=>""}, "authenticity_token"=>"aYULZg+RdhM1Nct0InYuBXQR8XL4NvB79m8Uue55Z4g=", "utf8"=>"✓", "hf_decade"=>"", "q"=>"cash", "hf_release_year_from"=>"", "_"=>"", "hf_release_year_to"=>""}
Rendered home/find_suggestion.html.erb within layouts/application (4.7ms)
Completed 200 OK in 389ms (Views: 18.7ms | ActiveRecord: 0.0ms)
DEPRECATION WARNING: RAILS_ROOT is deprecated. Please use ::Rails.root.to_s. (called from /Users/travis/dev/tc/tc/vendor/plugins/calendar_date_select/lib/calendar_date_select.rb:25)


Started GET "/" for 127.0.0.1 at Wed Nov 24 15:21:55 -0800 2010
  Processing by HomeController#index as HTML
DEPRECATION WARNING: <% %> style block helpers are deprecated. Please use <%= %>. (called from _app_views_home__entity_html_erb__160495476_2173298600_755390 at /Users/travis/dev/tc/tc/app/views/home/_entity.html.erb:29)
DEPRECATION WARNING: <% %> style block helpers are deprecated. Please use <%= %>. (called from _app_views_home__entity_html_erb__160495476_2173298600_755390 at /Users/travis/dev/tc/tc/app/views/home/_entity.html.erb:91)
Rendered home/_entity.html.erb (101.4ms)
Rendered home/_attributes.erb (37.4ms)
Rendered home/_more_search_tools.html.erb (143.1ms)
DEPRECATION WARNING: <% %> style block helpers are deprecated. Please use <%= %>. (called from _app_views_home_index_html_erb___526244045_2173347400_0 at /Users/travis/dev/tc/tc/app/views/home/index.html.erb:9)
Rendered home/index.html.erb within layouts/application (233.4ms)
Completed 200 OK in 243ms (Views: 242.3ms | ActiveRecord: 0.0ms)


Started GET "/" for 127.0.0.1 at Wed Nov 24 15:21:59 -0800 2010
  Processing by HomeController#index as HTML
DEPRECATION WARNING: <% %> style block helpers are deprecated. Please use <%= %>. (called from _app_views_home__entity_html_erb__160495476_2175397380_755390 at /Users/travis/dev/tc/tc/app/views/home/_entity.html.erb:29)
DEPRECATION WARNING: <% %> style block helpers are deprecated. Please use <%= %>. (called from _app_views_home__entity_html_erb__160495476_2175397380_755390 at /Users/travis/dev/tc/tc/app/views/home/_entity.html.erb:91)
Rendered home/_entity.html.erb (93.3ms)
Rendered home/_attributes.erb (37.6ms)
Rendered home/_more_search_tools.html.erb (134.2ms)
DEPRECATION WARNING: <% %> style block helpers are deprecated. Please use <%= %>. (called from _app_views_home_index_html_erb___526244045_2175495000_0 at /Users/travis/dev/tc/tc/app/views/home/index.html.erb:9)
Rendered home/index.html.erb within layouts/application (232.0ms)
Completed 200 OK in 241ms (Views: 240.2ms | ActiveRecord: 0.0ms)


Started GET "/" for 127.0.0.1 at Wed Nov 24 15:22:11 -0800 2010
  Processing by HomeController#index as HTML
DEPRECATION WARNING: <% %> style block helpers are deprecated. Please use <%= %>. (called from _app_views_home__entity_html_erb__160495476_2174816940_755390 at /Users/travis/dev/tc/tc/app/views/home/_entity.html.erb:29)
DEPRECATION WARNING: <% %> style block helpers are deprecated. Please use <%= %>. (called from _app_views_home__entity_html_erb__160495476_2174816940_755390 at /Users/travis/dev/tc/tc/app/views/home/_entity.html.erb:91)
Rendered home/_entity.html.erb (92.5ms)
Rendered home/_attributes.erb (36.2ms)
Rendered home/_more_search_tools.html.erb (132.7ms)
DEPRECATION WARNING: <% %> style block helpers are deprecated. Please use <%= %>. (called from _app_views_home_index_html_erb___526244045_2174880420_0 at /Users/travis/dev/tc/tc/app/views/home/index.html.erb:9)
Rendered home/index.html.erb within layouts/application (226.8ms)
Completed 200 OK in 235ms (Views: 234.7ms | ActiveRecord: 0.0ms)
