

Started GET "/" for 127.0.0.1 at Sun Oct 31 10:28:47 -0700 2010
  Processing by HomeController#index as HTML
Rendered home/_entity.html.erb (122.8ms)
Rendered home/_attributes.erb (38.2ms)
Rendered home/_more_search_tools.html.erb (166.3ms)
Rendered home/index.html.erb within layouts/application (262.6ms)
Completed 200 OK in 284ms (Views: 283.6ms | ActiveRecord: 0.0ms)


Started GET "/stylesheets/style.css?1288539772" for 127.0.0.1 at Sun Oct 31 10:28:48 -0700 2010

ActionController::RoutingError (No route matches "/stylesheets/style.css"):
  

Rendered /Library/Ruby/Gems/1.8/gems/actionpack-3.0.0/lib/action_dispatch/middleware/templates/rescues/routing_error.erb within rescues/layout (1.5ms)


Started GET "/javascripts/prototype.js?1288539772" for 127.0.0.1 at Sun Oct 31 10:28:48 -0700 2010

ActionController::RoutingError (No route matches "/javascripts/prototype.js"):
  

Rendered /Library/Ruby/Gems/1.8/gems/actionpack-3.0.0/lib/action_dispatch/middleware/templates/rescues/routing_error.erb within rescues/layout (0.8ms)


Started GET "/javascripts/effects.js?1288539772" for 127.0.0.1 at Sun Oct 31 10:28:48 -0700 2010

ActionController::RoutingError (No route matches "/javascripts/effects.js"):
  

Rendered /Library/Ruby/Gems/1.8/gems/actionpack-3.0.0/lib/action_dispatch/middleware/templates/rescues/routing_error.erb within rescues/layout (0.8ms)


Started GET "/javascripts/dragdrop.js?1288539772" for 127.0.0.1 at Sun Oct 31 10:28:48 -0700 2010

ActionController::RoutingError (No route matches "/javascripts/dragdrop.js"):
  

Rendered /Library/Ruby/Gems/1.8/gems/actionpack-3.0.0/lib/action_dispatch/middleware/templates/rescues/routing_error.erb within rescues/layout (0.9ms)


Started GET "/javascripts/controls.js?1288539772" for 127.0.0.1 at Sun Oct 31 10:28:48 -0700 2010

ActionController::RoutingError (No route matches "/javascripts/controls.js"):
  

Rendered /Library/Ruby/Gems/1.8/gems/actionpack-3.0.0/lib/action_dispatch/middleware/templates/rescues/routing_error.erb within rescues/layout (0.9ms)


Started GET "/javascripts/rails.js?1288539772" for 127.0.0.1 at Sun Oct 31 10:28:48 -0700 2010

ActionController::RoutingError (No route matches "/javascripts/rails.js"):
  

Rendered /Library/Ruby/Gems/1.8/gems/actionpack-3.0.0/lib/action_dispatch/middleware/templates/rescues/routing_error.erb within rescues/layout (0.9ms)


Started GET "/javascripts/application.js?1288539772" for 127.0.0.1 at Sun Oct 31 10:28:48 -0700 2010

ActionController::RoutingError (No route matches "/javascripts/application.js"):
  

Rendered /Library/Ruby/Gems/1.8/gems/actionpack-3.0.0/lib/action_dispatch/middleware/templates/rescues/routing_error.erb within rescues/layout (0.9ms)


Started GET "/javascripts/calendar_date_select/calendar_date_select.js?1288539772" for 127.0.0.1 at Sun Oct 31 10:28:48 -0700 2010

ActionController::RoutingError (No route matches "/javascripts/calendar_date_select/calendar_date_select.js"):
  

Rendered /Library/Ruby/Gems/1.8/gems/actionpack-3.0.0/lib/action_dispatch/middleware/templates/rescues/routing_error.erb within rescues/layout (0.8ms)


Started GET "/stylesheets/calendar_date_select/silver.css?1288539772" for 127.0.0.1 at Sun Oct 31 10:28:48 -0700 2010

ActionController::RoutingError (No route matches "/stylesheets/calendar_date_select/silver.css"):
  

Rendered /Library/Ruby/Gems/1.8/gems/actionpack-3.0.0/lib/action_dispatch/middleware/templates/rescues/routing_error.erb within rescues/layout (0.8ms)


Started GET "/images/ajax-loader.gif?1288539772" for 127.0.0.1 at Sun Oct 31 10:28:48 -0700 2010

ActionController::RoutingError (No route matches "/images/ajax-loader.gif"):
  

Rendered /Library/Ruby/Gems/1.8/gems/actionpack-3.0.0/lib/action_dispatch/middleware/templates/rescues/routing_error.erb within rescues/layout (1.7ms)


Started GET "/favicon.ico" for 127.0.0.1 at Sun Oct 31 10:28:48 -0700 2010

ActionController::RoutingError (No route matches "/favicon.ico"):
  

Rendered /Library/Ruby/Gems/1.8/gems/actionpack-3.0.0/lib/action_dispatch/middleware/templates/rescues/routing_error.erb within rescues/layout (0.8ms)


Started GET "/robots.txt" for 127.0.0.1 at Sun Oct 31 10:28:48 -0700 2010

ActionController::RoutingError (No route matches "/robots.txt"):
  

Rendered /Library/Ruby/Gems/1.8/gems/actionpack-3.0.0/lib/action_dispatch/middleware/templates/rescues/routing_error.erb within rescues/layout (0.8ms)


Started GET "/robots.txt" for 127.0.0.1 at Sun Oct 31 10:28:48 -0700 2010

ActionController::RoutingError (No route matches "/robots.txt"):
  

Rendered /Library/Ruby/Gems/1.8/gems/actionpack-3.0.0/lib/action_dispatch/middleware/templates/rescues/routing_error.erb within rescues/layout (0.8ms)


Started GET "/robots.txt" for 127.0.0.1 at Sun Oct 31 10:28:48 -0700 2010

ActionController::RoutingError (No route matches "/robots.txt"):
  

Rendered /Library/Ruby/Gems/1.8/gems/actionpack-3.0.0/lib/action_dispatch/middleware/templates/rescues/routing_error.erb within rescues/layout (0.8ms)


Started GET "/favicon.ico" for 127.0.0.1 at Sun Oct 31 10:28:51 -0700 2010

ActionController::RoutingError (No route matches "/favicon.ico"):
  

Rendered /Library/Ruby/Gems/1.8/gems/actionpack-3.0.0/lib/action_dispatch/middleware/templates/rescues/routing_error.erb within rescues/layout (0.9ms)


Started POST "/home/find_suggestion" for 127.0.0.1 at Sun Oct 31 10:28:54 -0700 2010
  Processing by HomeController#find_suggestion as HTML
  Parameters: {"m"=>"music", "c"=>"US", "hf_release_year"=>"", "hf_cboxgenre"=>{"disney"=>"", "world"=>"", "vocal"=>"", "country"=>"", "comedy"=>"", "inspirational"=>"", "reggae"=>"", "rnbsoul"=>"", "heavymetal"=>"", "alternative"=>"", "soundtrack"=>"", "singersongwriter"=>"", "pop"=>"", "bluegrass"=>"", "classical"=>"", "newAge"=>"", "rock"=>"", "hipHopRap"=>"", "electronic"=>"", "dance"=>""}, "authenticity_token"=>"ouhPdYuGudNLS/hL+QGbCcOXlHIrwvrTPH2KTJ7KMJI=", "utf8"=>"✓", "hf_decade"=>"", "q"=>"cash", "hf_release_year_from"=>"", "hf_release_year_to"=>""}
Rendered home/find_suggestion.html.erb within layouts/application (27.2ms)
Completed 200 OK in 632ms (Views: 47.9ms | ActiveRecord: 0.0ms)


Started GET "/robots.txt" for 127.0.0.1 at Sun Oct 31 10:28:55 -0700 2010

ActionController::RoutingError (No route matches "/robots.txt"):
  

Rendered /Library/Ruby/Gems/1.8/gems/actionpack-3.0.0/lib/action_dispatch/middleware/templates/rescues/routing_error.erb within rescues/layout (0.8ms)


Started GET "/stylesheets/style.css?1288539772" for 127.0.0.1 at Sun Oct 31 10:28:55 -0700 2010

ActionController::RoutingError (No route matches "/stylesheets/style.css"):
  

Rendered /Library/Ruby/Gems/1.8/gems/actionpack-3.0.0/lib/action_dispatch/middleware/templates/rescues/routing_error.erb within rescues/layout (1.5ms)


Started GET "/javascripts/prototype.js?1288539772" for 127.0.0.1 at Sun Oct 31 10:28:55 -0700 2010

ActionController::RoutingError (No route matches "/javascripts/prototype.js"):
  

Rendered /Library/Ruby/Gems/1.8/gems/actionpack-3.0.0/lib/action_dispatch/middleware/templates/rescues/routing_error.erb within rescues/layout (0.8ms)


Started GET "/javascripts/controls.js?1288539772" for 127.0.0.1 at Sun Oct 31 10:28:55 -0700 2010

ActionController::RoutingError (No route matches "/javascripts/controls.js"):
  

Rendered /Library/Ruby/Gems/1.8/gems/actionpack-3.0.0/lib/action_dispatch/middleware/templates/rescues/routing_error.erb within rescues/layout (1.1ms)


Started GET "/javascripts/dragdrop.js?1288539772" for 127.0.0.1 at Sun Oct 31 10:28:55 -0700 2010

ActionController::RoutingError (No route matches "/javascripts/dragdrop.js"):
  

Rendered /Library/Ruby/Gems/1.8/gems/actionpack-3.0.0/lib/action_dispatch/middleware/templates/rescues/routing_error.erb within rescues/layout (0.9ms)


Started GET "/javascripts/effects.js?1288539772" for 127.0.0.1 at Sun Oct 31 10:28:55 -0700 2010

ActionController::RoutingError (No route matches "/javascripts/effects.js"):
  

Rendered /Library/Ruby/Gems/1.8/gems/actionpack-3.0.0/lib/action_dispatch/middleware/templates/rescues/routing_error.erb within rescues/layout (0.9ms)


Started GET "/javascripts/rails.js?1288539772" for 127.0.0.1 at Sun Oct 31 10:28:55 -0700 2010

ActionController::RoutingError (No route matches "/javascripts/rails.js"):
  

Rendered /Library/Ruby/Gems/1.8/gems/actionpack-3.0.0/lib/action_dispatch/middleware/templates/rescues/routing_error.erb within rescues/layout (0.8ms)


Started GET "/javascripts/application.js?1288539772" for 127.0.0.1 at Sun Oct 31 10:28:55 -0700 2010

ActionController::RoutingError (No route matches "/javascripts/application.js"):
  

Rendered /Library/Ruby/Gems/1.8/gems/actionpack-3.0.0/lib/action_dispatch/middleware/templates/rescues/routing_error.erb within rescues/layout (0.9ms)


Started GET "/javascripts/calendar_date_select/calendar_date_select.js?1288539772" for 127.0.0.1 at Sun Oct 31 10:28:55 -0700 2010

ActionController::RoutingError (No route matches "/javascripts/calendar_date_select/calendar_date_select.js"):
  

Rendered /Library/Ruby/Gems/1.8/gems/actionpack-3.0.0/lib/action_dispatch/middleware/templates/rescues/routing_error.erb within rescues/layout (0.8ms)


Started GET "/stylesheets/calendar_date_select/silver.css?1288539772" for 127.0.0.1 at Sun Oct 31 10:28:55 -0700 2010

ActionController::RoutingError (No route matches "/stylesheets/calendar_date_select/silver.css"):
  

Rendered /Library/Ruby/Gems/1.8/gems/actionpack-3.0.0/lib/action_dispatch/middleware/templates/rescues/routing_error.erb within rescues/layout (1.3ms)


Started GET "/javascripts/dragdrop.js?1288539772" for 127.0.0.1 at Sun Oct 31 10:28:55 -0700 2010

ActionController::RoutingError (No route matches "/javascripts/dragdrop.js"):
  

Rendered /Library/Ruby/Gems/1.8/gems/actionpack-3.0.0/lib/action_dispatch/middleware/templates/rescues/routing_error.erb within rescues/layout (0.8ms)


Started GET "/javascripts/controls.js?1288539772" for 127.0.0.1 at Sun Oct 31 10:28:55 -0700 2010

ActionController::RoutingError (No route matches "/javascripts/controls.js"):
  

Rendered /Library/Ruby/Gems/1.8/gems/actionpack-3.0.0/lib/action_dispatch/middleware/templates/rescues/routing_error.erb within rescues/layout (0.8ms)


Started GET "/javascripts/rails.js?1288539772" for 127.0.0.1 at Sun Oct 31 10:28:55 -0700 2010

ActionController::RoutingError (No route matches "/javascripts/rails.js"):
  

Rendered /Library/Ruby/Gems/1.8/gems/actionpack-3.0.0/lib/action_dispatch/middleware/templates/rescues/routing_error.erb within rescues/layout (0.7ms)


Started GET "/javascripts/application.js?1288539772" for 127.0.0.1 at Sun Oct 31 10:28:55 -0700 2010

ActionController::RoutingError (No route matches "/javascripts/application.js"):
  

Rendered /Library/Ruby/Gems/1.8/gems/actionpack-3.0.0/lib/action_dispatch/middleware/templates/rescues/routing_error.erb within rescues/layout (0.8ms)


Started GET "/javascripts/calendar_date_select/calendar_date_select.js?1288539772" for 127.0.0.1 at Sun Oct 31 10:28:55 -0700 2010

ActionController::RoutingError (No route matches "/javascripts/calendar_date_select/calendar_date_select.js"):
  

Rendered /Library/Ruby/Gems/1.8/gems/actionpack-3.0.0/lib/action_dispatch/middleware/templates/rescues/routing_error.erb within rescues/layout (0.8ms)


Started GET "/stylesheets/calendar_date_select/silver.css?1288539772" for 127.0.0.1 at Sun Oct 31 10:28:55 -0700 2010

ActionController::RoutingError (No route matches "/stylesheets/calendar_date_select/silver.css"):
  

Rendered /Library/Ruby/Gems/1.8/gems/actionpack-3.0.0/lib/action_dispatch/middleware/templates/rescues/routing_error.erb within rescues/layout (0.8ms)


Started GET "/robots.txt" for 127.0.0.1 at Sun Oct 31 10:28:55 -0700 2010

ActionController::RoutingError (No route matches "/robots.txt"):
  

Rendered /Library/Ruby/Gems/1.8/gems/actionpack-3.0.0/lib/action_dispatch/middleware/templates/rescues/routing_error.erb within rescues/layout (0.9ms)


Started GET "/robots.txt" for 127.0.0.1 at Sun Oct 31 10:28:56 -0700 2010

ActionController::RoutingError (No route matches "/robots.txt"):
  

Rendered /Library/Ruby/Gems/1.8/gems/actionpack-3.0.0/lib/action_dispatch/middleware/templates/rescues/routing_error.erb within rescues/layout (0.9ms)


Started GET "/robots.txt" for 127.0.0.1 at Sun Oct 31 10:28:56 -0700 2010

ActionController::RoutingError (No route matches "/robots.txt"):
  

Rendered /Library/Ruby/Gems/1.8/gems/actionpack-3.0.0/lib/action_dispatch/middleware/templates/rescues/routing_error.erb within rescues/layout (0.8ms)


Started GET "/robots.txt" for 127.0.0.1 at Sun Oct 31 10:28:59 -0700 2010

ActionController::RoutingError (No route matches "/robots.txt"):
  

Rendered /Library/Ruby/Gems/1.8/gems/actionpack-3.0.0/lib/action_dispatch/middleware/templates/rescues/routing_error.erb within rescues/layout (0.8ms)


Started GET "/robots.txt" for 127.0.0.1 at Sun Oct 31 12:37:25 -0700 2010

ActionController::RoutingError (No route matches "/robots.txt"):
  

Rendered /Library/Ruby/Gems/1.8/gems/actionpack-3.0.0/lib/action_dispatch/middleware/templates/rescues/routing_error.erb within rescues/layout (0.9ms)


Started GET "/robots.txt" for 127.0.0.1 at Sun Oct 31 12:37:26 -0700 2010

ActionController::RoutingError (No route matches "/robots.txt"):
  

Rendered /Library/Ruby/Gems/1.8/gems/actionpack-3.0.0/lib/action_dispatch/middleware/templates/rescues/routing_error.erb within rescues/layout (0.9ms)


Started GET "/robots.txt" for 127.0.0.1 at Sun Oct 31 12:37:29 -0700 2010

ActionController::RoutingError (No route matches "/robots.txt"):
  

Rendered /Library/Ruby/Gems/1.8/gems/actionpack-3.0.0/lib/action_dispatch/middleware/templates/rescues/routing_error.erb within rescues/layout (0.8ms)


Started GET "/robots.txt" for 127.0.0.1 at Sun Oct 31 12:37:29 -0700 2010

ActionController::RoutingError (No route matches "/robots.txt"):
  

Rendered /Library/Ruby/Gems/1.8/gems/actionpack-3.0.0/lib/action_dispatch/middleware/templates/rescues/routing_error.erb within rescues/layout (0.8ms)


Started GET "/robots.txt" for 127.0.0.1 at Sun Oct 31 12:37:29 -0700 2010

ActionController::RoutingError (No route matches "/robots.txt"):
  

Rendered /Library/Ruby/Gems/1.8/gems/actionpack-3.0.0/lib/action_dispatch/middleware/templates/rescues/routing_error.erb within rescues/layout (0.9ms)


Started GET "/robots.txt" for 127.0.0.1 at Sun Oct 31 12:37:29 -0700 2010

ActionController::RoutingError (No route matches "/robots.txt"):
  

Rendered /Library/Ruby/Gems/1.8/gems/actionpack-3.0.0/lib/action_dispatch/middleware/templates/rescues/routing_error.erb within rescues/layout (0.8ms)


Started GET "/robots.txt" for 127.0.0.1 at Sun Oct 31 12:37:29 -0700 2010

ActionController::RoutingError (No route matches "/robots.txt"):
  

Rendered /Library/Ruby/Gems/1.8/gems/actionpack-3.0.0/lib/action_dispatch/middleware/templates/rescues/routing_error.erb within rescues/layout (0.8ms)


Started GET "/robots.txt" for 127.0.0.1 at Sun Oct 31 12:37:29 -0700 2010

ActionController::RoutingError (No route matches "/robots.txt"):
  

Rendered /Library/Ruby/Gems/1.8/gems/actionpack-3.0.0/lib/action_dispatch/middleware/templates/rescues/routing_error.erb within rescues/layout (0.8ms)


Started GET "/robots.txt" for 127.0.0.1 at Sun Oct 31 12:37:29 -0700 2010

ActionController::RoutingError (No route matches "/robots.txt"):
  

Rendered /Library/Ruby/Gems/1.8/gems/actionpack-3.0.0/lib/action_dispatch/middleware/templates/rescues/routing_error.erb within rescues/layout (0.8ms)


Started GET "/robots.txt" for 127.0.0.1 at Sun Oct 31 12:37:30 -0700 2010

ActionController::RoutingError (No route matches "/robots.txt"):
  

Rendered /Library/Ruby/Gems/1.8/gems/actionpack-3.0.0/lib/action_dispatch/middleware/templates/rescues/routing_error.erb within rescues/layout (0.8ms)


Started GET "/robots.txt" for 127.0.0.1 at Sun Oct 31 12:37:30 -0700 2010

ActionController::RoutingError (No route matches "/robots.txt"):
  

Rendered /Library/Ruby/Gems/1.8/gems/actionpack-3.0.0/lib/action_dispatch/middleware/templates/rescues/routing_error.erb within rescues/layout (0.7ms)


Started GET "/robots.txt" for 127.0.0.1 at Sun Oct 31 12:37:30 -0700 2010

ActionController::RoutingError (No route matches "/robots.txt"):
  

Rendered /Library/Ruby/Gems/1.8/gems/actionpack-3.0.0/lib/action_dispatch/middleware/templates/rescues/routing_error.erb within rescues/layout (0.8ms)


Started GET "/robots.txt" for 127.0.0.1 at Sun Oct 31 12:37:30 -0700 2010

ActionController::RoutingError (No route matches "/robots.txt"):
  

Rendered /Library/Ruby/Gems/1.8/gems/actionpack-3.0.0/lib/action_dispatch/middleware/templates/rescues/routing_error.erb within rescues/layout (0.8ms)


Started GET "/robots.txt" for 127.0.0.1 at Sun Oct 31 12:37:30 -0700 2010

ActionController::RoutingError (No route matches "/robots.txt"):
  

Rendered /Library/Ruby/Gems/1.8/gems/actionpack-3.0.0/lib/action_dispatch/middleware/templates/rescues/routing_error.erb within rescues/layout (0.7ms)


Started GET "/" for 127.0.0.1 at Sun Oct 31 16:42:32 -0700 2010
  Processing by HomeController#index as HTML
Rendered home/_entity.html.erb (108.1ms)
Rendered home/_attributes.erb (33.2ms)
Rendered home/_more_search_tools.html.erb (142.2ms)
Rendered home/index.html.erb within layouts/application (233.3ms)
Completed 200 OK in 234ms (Views: 234.2ms | ActiveRecord: 0.0ms)


Started GET "/robots.txt" for 127.0.0.1 at Sun Oct 31 16:42:32 -0700 2010

ActionController::RoutingError (No route matches "/robots.txt"):
  

Rendered /Library/Ruby/Gems/1.8/gems/actionpack-3.0.0/lib/action_dispatch/middleware/templates/rescues/routing_error.erb within rescues/layout (0.9ms)


Started GET "/stylesheets/style.css?1288539772" for 127.0.0.1 at Sun Oct 31 16:42:32 -0700 2010

ActionController::RoutingError (No route matches "/stylesheets/style.css"):
  

Rendered /Library/Ruby/Gems/1.8/gems/actionpack-3.0.0/lib/action_dispatch/middleware/templates/rescues/routing_error.erb within rescues/layout (0.8ms)


Started GET "/javascripts/prototype.js?1288539772" for 127.0.0.1 at Sun Oct 31 16:42:32 -0700 2010

ActionController::RoutingError (No route matches "/javascripts/prototype.js"):
  

Rendered /Library/Ruby/Gems/1.8/gems/actionpack-3.0.0/lib/action_dispatch/middleware/templates/rescues/routing_error.erb within rescues/layout (0.9ms)


Started GET "/javascripts/effects.js?1288539772" for 127.0.0.1 at Sun Oct 31 16:42:32 -0700 2010

ActionController::RoutingError (No route matches "/javascripts/effects.js"):
  

Rendered /Library/Ruby/Gems/1.8/gems/actionpack-3.0.0/lib/action_dispatch/middleware/templates/rescues/routing_error.erb within rescues/layout (0.9ms)


Started GET "/javascripts/rails.js?1288539772" for 127.0.0.1 at Sun Oct 31 16:42:32 -0700 2010

ActionController::RoutingError (No route matches "/javascripts/rails.js"):
  

Rendered /Library/Ruby/Gems/1.8/gems/actionpack-3.0.0/lib/action_dispatch/middleware/templates/rescues/routing_error.erb within rescues/layout (0.9ms)


Started GET "/javascripts/dragdrop.js?1288539772" for 127.0.0.1 at Sun Oct 31 16:42:32 -0700 2010

ActionController::RoutingError (No route matches "/javascripts/dragdrop.js"):
  

Rendered /Library/Ruby/Gems/1.8/gems/actionpack-3.0.0/lib/action_dispatch/middleware/templates/rescues/routing_error.erb within rescues/layout (0.8ms)


Started GET "/javascripts/controls.js?1288539772" for 127.0.0.1 at Sun Oct 31 16:42:32 -0700 2010

ActionController::RoutingError (No route matches "/javascripts/controls.js"):
  

Rendered /Library/Ruby/Gems/1.8/gems/actionpack-3.0.0/lib/action_dispatch/middleware/templates/rescues/routing_error.erb within rescues/layout (0.9ms)


Started GET "/javascripts/application.js?1288539772" for 127.0.0.1 at Sun Oct 31 16:42:32 -0700 2010

ActionController::RoutingError (No route matches "/javascripts/application.js"):
  

Rendered /Library/Ruby/Gems/1.8/gems/actionpack-3.0.0/lib/action_dispatch/middleware/templates/rescues/routing_error.erb within rescues/layout (0.8ms)


Started GET "/javascripts/calendar_date_select/calendar_date_select.js?1288539772" for 127.0.0.1 at Sun Oct 31 16:42:32 -0700 2010

ActionController::RoutingError (No route matches "/javascripts/calendar_date_select/calendar_date_select.js"):
  

Rendered /Library/Ruby/Gems/1.8/gems/actionpack-3.0.0/lib/action_dispatch/middleware/templates/rescues/routing_error.erb within rescues/layout (70.5ms)


Started GET "/stylesheets/calendar_date_select/silver.css?1288539772" for 127.0.0.1 at Sun Oct 31 16:42:32 -0700 2010

ActionController::RoutingError (No route matches "/stylesheets/calendar_date_select/silver.css"):
  

Rendered /Library/Ruby/Gems/1.8/gems/actionpack-3.0.0/lib/action_dispatch/middleware/templates/rescues/routing_error.erb within rescues/layout (0.9ms)


Started GET "/images/ajax-loader.gif?1288539772" for 127.0.0.1 at Sun Oct 31 16:42:32 -0700 2010

ActionController::RoutingError (No route matches "/images/ajax-loader.gif"):
  

Rendered /Library/Ruby/Gems/1.8/gems/actionpack-3.0.0/lib/action_dispatch/middleware/templates/rescues/routing_error.erb within rescues/layout (0.9ms)


Started GET "/javascripts/rails.js?1288539772" for 127.0.0.1 at Sun Oct 31 16:42:32 -0700 2010

ActionController::RoutingError (No route matches "/javascripts/rails.js"):
  

Rendered /Library/Ruby/Gems/1.8/gems/actionpack-3.0.0/lib/action_dispatch/middleware/templates/rescues/routing_error.erb within rescues/layout (0.9ms)


Started GET "/javascripts/application.js?1288539772" for 127.0.0.1 at Sun Oct 31 16:42:32 -0700 2010

ActionController::RoutingError (No route matches "/javascripts/application.js"):
  

Rendered /Library/Ruby/Gems/1.8/gems/actionpack-3.0.0/lib/action_dispatch/middleware/templates/rescues/routing_error.erb within rescues/layout (0.8ms)


Started GET "/javascripts/calendar_date_select/calendar_date_select.js?1288539772" for 127.0.0.1 at Sun Oct 31 16:42:33 -0700 2010

ActionController::RoutingError (No route matches "/javascripts/calendar_date_select/calendar_date_select.js"):
  

Rendered /Library/Ruby/Gems/1.8/gems/actionpack-3.0.0/lib/action_dispatch/middleware/templates/rescues/routing_error.erb within rescues/layout (0.8ms)


Started GET "/stylesheets/calendar_date_select/silver.css?1288539772" for 127.0.0.1 at Sun Oct 31 16:42:33 -0700 2010

ActionController::RoutingError (No route matches "/stylesheets/calendar_date_select/silver.css"):
  

Rendered /Library/Ruby/Gems/1.8/gems/actionpack-3.0.0/lib/action_dispatch/middleware/templates/rescues/routing_error.erb within rescues/layout (0.9ms)


Started GET "/images/ajax-loader.gif?1288539772" for 127.0.0.1 at Sun Oct 31 16:42:33 -0700 2010

ActionController::RoutingError (No route matches "/images/ajax-loader.gif"):
  

Rendered /Library/Ruby/Gems/1.8/gems/actionpack-3.0.0/lib/action_dispatch/middleware/templates/rescues/routing_error.erb within rescues/layout (0.8ms)


Started GET "/robots.txt" for 127.0.0.1 at Sun Oct 31 16:42:33 -0700 2010

ActionController::RoutingError (No route matches "/robots.txt"):
  

Rendered /Library/Ruby/Gems/1.8/gems/actionpack-3.0.0/lib/action_dispatch/middleware/templates/rescues/routing_error.erb within rescues/layout (0.8ms)


Started GET "/robots.txt" for 127.0.0.1 at Sun Oct 31 16:42:33 -0700 2010

ActionController::RoutingError (No route matches "/robots.txt"):
  

Rendered /Library/Ruby/Gems/1.8/gems/actionpack-3.0.0/lib/action_dispatch/middleware/templates/rescues/routing_error.erb within rescues/layout (0.8ms)


Started GET "/robots.txt" for 127.0.0.1 at Sun Oct 31 16:42:33 -0700 2010

ActionController::RoutingError (No route matches "/robots.txt"):
  

Rendered /Library/Ruby/Gems/1.8/gems/actionpack-3.0.0/lib/action_dispatch/middleware/templates/rescues/routing_error.erb within rescues/layout (0.7ms)


Started GET "/" for 127.0.0.1 at Sun Oct 31 16:42:57 -0700 2010
  Processing by HomeController#index as HTML
Rendered home/_entity.html.erb (31.3ms)
Rendered home/_attributes.erb (105.4ms)
Rendered home/_more_search_tools.html.erb (137.3ms)
Rendered home/index.html.erb within layouts/application (224.4ms)
Completed 200 OK in 226ms (Views: 225.2ms | ActiveRecord: 0.0ms)


Started GET "/robots.txt" for 127.0.0.1 at Sun Oct 31 16:42:57 -0700 2010

ActionController::RoutingError (No route matches "/robots.txt"):
  

Rendered /Library/Ruby/Gems/1.8/gems/actionpack-3.0.0/lib/action_dispatch/middleware/templates/rescues/routing_error.erb within rescues/layout (0.9ms)


Started GET "/stylesheets/style.css?1288539772" for 127.0.0.1 at Sun Oct 31 16:42:57 -0700 2010

ActionController::RoutingError (No route matches "/stylesheets/style.css"):
  

Rendered /Library/Ruby/Gems/1.8/gems/actionpack-3.0.0/lib/action_dispatch/middleware/templates/rescues/routing_error.erb within rescues/layout (0.9ms)


Started GET "/javascripts/prototype.js?1288539772" for 127.0.0.1 at Sun Oct 31 16:42:57 -0700 2010

ActionController::RoutingError (No route matches "/javascripts/prototype.js"):
  

Rendered /Library/Ruby/Gems/1.8/gems/actionpack-3.0.0/lib/action_dispatch/middleware/templates/rescues/routing_error.erb within rescues/layout (0.9ms)


Started GET "/javascripts/effects.js?1288539772" for 127.0.0.1 at Sun Oct 31 16:42:57 -0700 2010

ActionController::RoutingError (No route matches "/javascripts/effects.js"):
  

Rendered /Library/Ruby/Gems/1.8/gems/actionpack-3.0.0/lib/action_dispatch/middleware/templates/rescues/routing_error.erb within rescues/layout (0.8ms)


Started GET "/javascripts/dragdrop.js?1288539772" for 127.0.0.1 at Sun Oct 31 16:42:57 -0700 2010

ActionController::RoutingError (No route matches "/javascripts/dragdrop.js"):
  

Rendered /Library/Ruby/Gems/1.8/gems/actionpack-3.0.0/lib/action_dispatch/middleware/templates/rescues/routing_error.erb within rescues/layout (0.9ms)


Started GET "/javascripts/controls.js?1288539772" for 127.0.0.1 at Sun Oct 31 16:42:57 -0700 2010

ActionController::RoutingError (No route matches "/javascripts/controls.js"):
  

Rendered /Library/Ruby/Gems/1.8/gems/actionpack-3.0.0/lib/action_dispatch/middleware/templates/rescues/routing_error.erb within rescues/layout (0.8ms)


Started GET "/javascripts/rails.js?1288539772" for 127.0.0.1 at Sun Oct 31 16:42:57 -0700 2010

ActionController::RoutingError (No route matches "/javascripts/rails.js"):
  

Rendered /Library/Ruby/Gems/1.8/gems/actionpack-3.0.0/lib/action_dispatch/middleware/templates/rescues/routing_error.erb within rescues/layout (0.9ms)


Started GET "/javascripts/application.js?1288539772" for 127.0.0.1 at Sun Oct 31 16:42:57 -0700 2010

ActionController::RoutingError (No route matches "/javascripts/application.js"):
  

Rendered /Library/Ruby/Gems/1.8/gems/actionpack-3.0.0/lib/action_dispatch/middleware/templates/rescues/routing_error.erb within rescues/layout (0.8ms)


Started GET "/javascripts/calendar_date_select/calendar_date_select.js?1288539772" for 127.0.0.1 at Sun Oct 31 16:42:57 -0700 2010

ActionController::RoutingError (No route matches "/javascripts/calendar_date_select/calendar_date_select.js"):
  

Rendered /Library/Ruby/Gems/1.8/gems/actionpack-3.0.0/lib/action_dispatch/middleware/templates/rescues/routing_error.erb within rescues/layout (0.9ms)


Started GET "/stylesheets/calendar_date_select/silver.css?1288539772" for 127.0.0.1 at Sun Oct 31 16:42:57 -0700 2010

ActionController::RoutingError (No route matches "/stylesheets/calendar_date_select/silver.css"):
  

Rendered /Library/Ruby/Gems/1.8/gems/actionpack-3.0.0/lib/action_dispatch/middleware/templates/rescues/routing_error.erb within rescues/layout (0.8ms)


Started GET "/images/ajax-loader.gif?1288539772" for 127.0.0.1 at Sun Oct 31 16:42:57 -0700 2010

ActionController::RoutingError (No route matches "/images/ajax-loader.gif"):
  

Rendered /Library/Ruby/Gems/1.8/gems/actionpack-3.0.0/lib/action_dispatch/middleware/templates/rescues/routing_error.erb within rescues/layout (0.8ms)


Started GET "/robots.txt" for 127.0.0.1 at Sun Oct 31 16:42:57 -0700 2010

ActionController::RoutingError (No route matches "/robots.txt"):
  

Rendered /Library/Ruby/Gems/1.8/gems/actionpack-3.0.0/lib/action_dispatch/middleware/templates/rescues/routing_error.erb within rescues/layout (0.8ms)


Started GET "/robots.txt" for 127.0.0.1 at Sun Oct 31 16:42:58 -0700 2010

ActionController::RoutingError (No route matches "/robots.txt"):
  

Rendered /Library/Ruby/Gems/1.8/gems/actionpack-3.0.0/lib/action_dispatch/middleware/templates/rescues/routing_error.erb within rescues/layout (0.9ms)


Started GET "/robots.txt" for 127.0.0.1 at Sun Oct 31 16:42:58 -0700 2010

ActionController::RoutingError (No route matches "/robots.txt"):
  

Rendered /Library/Ruby/Gems/1.8/gems/actionpack-3.0.0/lib/action_dispatch/middleware/templates/rescues/routing_error.erb within rescues/layout (0.8ms)


Started GET "/" for 127.0.0.1 at Sun Oct 31 16:45:15 -0700 2010
  Processing by HomeController#index as HTML
Rendered home/_entity.html.erb (99.4ms)
Rendered home/_attributes.erb (40.2ms)
Rendered home/_more_search_tools.html.erb (140.3ms)
Rendered home/index.html.erb within layouts/application (227.6ms)
Completed 200 OK in 229ms (Views: 228.3ms | ActiveRecord: 0.0ms)


Started GET "/robots.txt" for 127.0.0.1 at Sun Oct 31 16:45:16 -0700 2010

ActionController::RoutingError (No route matches "/robots.txt"):
  

Rendered /Library/Ruby/Gems/1.8/gems/actionpack-3.0.0/lib/action_dispatch/middleware/templates/rescues/routing_error.erb within rescues/layout (0.8ms)


Started GET "/" for 127.0.0.1 at Sun Oct 31 16:45:16 -0700 2010
  Processing by HomeController#index as HTML
Rendered home/_entity.html.erb (26.3ms)
Rendered home/_attributes.erb (98.5ms)
Rendered home/_more_search_tools.html.erb (125.4ms)
Rendered home/index.html.erb within layouts/application (145.0ms)
Completed 200 OK in 146ms (Views: 145.6ms | ActiveRecord: 0.0ms)


Started GET "/stylesheets/style.css?1288539772" for 127.0.0.1 at Sun Oct 31 16:45:16 -0700 2010

ActionController::RoutingError (No route matches "/stylesheets/style.css"):
  

Rendered /Library/Ruby/Gems/1.8/gems/actionpack-3.0.0/lib/action_dispatch/middleware/templates/rescues/routing_error.erb within rescues/layout (0.8ms)


Started GET "/javascripts/prototype.js?1288539772" for 127.0.0.1 at Sun Oct 31 16:45:16 -0700 2010

ActionController::RoutingError (No route matches "/javascripts/prototype.js"):
  

Rendered /Library/Ruby/Gems/1.8/gems/actionpack-3.0.0/lib/action_dispatch/middleware/templates/rescues/routing_error.erb within rescues/layout (0.8ms)


Started GET "/javascripts/effects.js?1288539772" for 127.0.0.1 at Sun Oct 31 16:45:16 -0700 2010

ActionController::RoutingError (No route matches "/javascripts/effects.js"):
  

Rendered /Library/Ruby/Gems/1.8/gems/actionpack-3.0.0/lib/action_dispatch/middleware/templates/rescues/routing_error.erb within rescues/layout (0.8ms)


Started GET "/javascripts/dragdrop.js?1288539772" for 127.0.0.1 at Sun Oct 31 16:45:16 -0700 2010

ActionController::RoutingError (No route matches "/javascripts/dragdrop.js"):
  

Rendered /Library/Ruby/Gems/1.8/gems/actionpack-3.0.0/lib/action_dispatch/middleware/templates/rescues/routing_error.erb within rescues/layout (1.2ms)


Started GET "/javascripts/controls.js?1288539772" for 127.0.0.1 at Sun Oct 31 16:45:16 -0700 2010

ActionController::RoutingError (No route matches "/javascripts/controls.js"):
  

Rendered /Library/Ruby/Gems/1.8/gems/actionpack-3.0.0/lib/action_dispatch/middleware/templates/rescues/routing_error.erb within rescues/layout (0.9ms)


Started GET "/javascripts/rails.js?1288539772" for 127.0.0.1 at Sun Oct 31 16:45:16 -0700 2010

ActionController::RoutingError (No route matches "/javascripts/rails.js"):
  

Rendered /Library/Ruby/Gems/1.8/gems/actionpack-3.0.0/lib/action_dispatch/middleware/templates/rescues/routing_error.erb within rescues/layout (0.9ms)


Started GET "/javascripts/application.js?1288539772" for 127.0.0.1 at Sun Oct 31 16:45:16 -0700 2010

ActionController::RoutingError (No route matches "/javascripts/application.js"):
  

Rendered /Library/Ruby/Gems/1.8/gems/actionpack-3.0.0/lib/action_dispatch/middleware/templates/rescues/routing_error.erb within rescues/layout (0.9ms)


Started GET "/javascripts/calendar_date_select/calendar_date_select.js?1288539772" for 127.0.0.1 at Sun Oct 31 16:45:16 -0700 2010

ActionController::RoutingError (No route matches "/javascripts/calendar_date_select/calendar_date_select.js"):
  

Rendered /Library/Ruby/Gems/1.8/gems/actionpack-3.0.0/lib/action_dispatch/middleware/templates/rescues/routing_error.erb within rescues/layout (0.9ms)


Started GET "/stylesheets/calendar_date_select/silver.css?1288539772" for 127.0.0.1 at Sun Oct 31 16:45:16 -0700 2010

ActionController::RoutingError (No route matches "/stylesheets/calendar_date_select/silver.css"):
  

Rendered /Library/Ruby/Gems/1.8/gems/actionpack-3.0.0/lib/action_dispatch/middleware/templates/rescues/routing_error.erb within rescues/layout (0.8ms)


Started GET "/images/ajax-loader.gif?1288539772" for 127.0.0.1 at Sun Oct 31 16:45:16 -0700 2010

ActionController::RoutingError (No route matches "/images/ajax-loader.gif"):
  

Rendered /Library/Ruby/Gems/1.8/gems/actionpack-3.0.0/lib/action_dispatch/middleware/templates/rescues/routing_error.erb within rescues/layout (0.8ms)


Started GET "/robots.txt" for 127.0.0.1 at Sun Oct 31 16:45:16 -0700 2010

ActionController::RoutingError (No route matches "/robots.txt"):
  

Rendered /Library/Ruby/Gems/1.8/gems/actionpack-3.0.0/lib/action_dispatch/middleware/templates/rescues/routing_error.erb within rescues/layout (0.9ms)


Started GET "/robots.txt" for 127.0.0.1 at Sun Oct 31 16:45:16 -0700 2010

ActionController::RoutingError (No route matches "/robots.txt"):
  

Rendered /Library/Ruby/Gems/1.8/gems/actionpack-3.0.0/lib/action_dispatch/middleware/templates/rescues/routing_error.erb within rescues/layout (0.8ms)


Started GET "/robots.txt" for 127.0.0.1 at Sun Oct 31 16:45:17 -0700 2010

ActionController::RoutingError (No route matches "/robots.txt"):
  

Rendered /Library/Ruby/Gems/1.8/gems/actionpack-3.0.0/lib/action_dispatch/middleware/templates/rescues/routing_error.erb within rescues/layout (0.7ms)


Started GET "/" for 127.0.0.1 at Sun Oct 31 16:45:43 -0700 2010
  Processing by HomeController#index as HTML
Rendered home/_entity.html.erb (30.9ms)
Rendered home/_attributes.erb (103.8ms)
Rendered home/_more_search_tools.html.erb (135.4ms)
Rendered home/index.html.erb within layouts/application (223.8ms)
Completed 200 OK in 225ms (Views: 224.5ms | ActiveRecord: 0.0ms)


Started GET "/robots.txt" for 127.0.0.1 at Sun Oct 31 16:45:43 -0700 2010

ActionController::RoutingError (No route matches "/robots.txt"):
  

Rendered /Library/Ruby/Gems/1.8/gems/actionpack-3.0.0/lib/action_dispatch/middleware/templates/rescues/routing_error.erb within rescues/layout (0.8ms)


Started GET "/stylesheets/style.css?1288539772" for 127.0.0.1 at Sun Oct 31 16:45:43 -0700 2010

ActionController::RoutingError (No route matches "/stylesheets/style.css"):
  

Rendered /Library/Ruby/Gems/1.8/gems/actionpack-3.0.0/lib/action_dispatch/middleware/templates/rescues/routing_error.erb within rescues/layout (1.5ms)


Started GET "/javascripts/prototype.js?1288539772" for 127.0.0.1 at Sun Oct 31 16:45:43 -0700 2010

ActionController::RoutingError (No route matches "/javascripts/prototype.js"):
  

Rendered /Library/Ruby/Gems/1.8/gems/actionpack-3.0.0/lib/action_dispatch/middleware/templates/rescues/routing_error.erb within rescues/layout (0.8ms)


Started GET "/javascripts/application.js?1288539772" for 127.0.0.1 at Sun Oct 31 16:45:43 -0700 2010

ActionController::RoutingError (No route matches "/javascripts/application.js"):
  

Rendered /Library/Ruby/Gems/1.8/gems/actionpack-3.0.0/lib/action_dispatch/middleware/templates/rescues/routing_error.erb within rescues/layout (1.0ms)


Started GET "/javascripts/rails.js?1288539772" for 127.0.0.1 at Sun Oct 31 16:45:43 -0700 2010

ActionController::RoutingError (No route matches "/javascripts/rails.js"):
  

Rendered /Library/Ruby/Gems/1.8/gems/actionpack-3.0.0/lib/action_dispatch/middleware/templates/rescues/routing_error.erb within rescues/layout (1.0ms)


Started GET "/javascripts/controls.js?1288539772" for 127.0.0.1 at Sun Oct 31 16:45:43 -0700 2010

ActionController::RoutingError (No route matches "/javascripts/controls.js"):
  

Rendered /Library/Ruby/Gems/1.8/gems/actionpack-3.0.0/lib/action_dispatch/middleware/templates/rescues/routing_error.erb within rescues/layout (0.9ms)


Started GET "/javascripts/dragdrop.js?1288539772" for 127.0.0.1 at Sun Oct 31 16:45:43 -0700 2010

ActionController::RoutingError (No route matches "/javascripts/dragdrop.js"):
  

Rendered /Library/Ruby/Gems/1.8/gems/actionpack-3.0.0/lib/action_dispatch/middleware/templates/rescues/routing_error.erb within rescues/layout (0.9ms)


Started GET "/javascripts/effects.js?1288539772" for 127.0.0.1 at Sun Oct 31 16:45:43 -0700 2010

ActionController::RoutingError (No route matches "/javascripts/effects.js"):
  

Rendered /Library/Ruby/Gems/1.8/gems/actionpack-3.0.0/lib/action_dispatch/middleware/templates/rescues/routing_error.erb within rescues/layout (0.8ms)


Started GET "/javascripts/calendar_date_select/calendar_date_select.js?1288539772" for 127.0.0.1 at Sun Oct 31 16:45:43 -0700 2010

ActionController::RoutingError (No route matches "/javascripts/calendar_date_select/calendar_date_select.js"):
  

Rendered /Library/Ruby/Gems/1.8/gems/actionpack-3.0.0/lib/action_dispatch/middleware/templates/rescues/routing_error.erb within rescues/layout (0.8ms)


Started GET "/stylesheets/calendar_date_select/silver.css?1288539772" for 127.0.0.1 at Sun Oct 31 16:45:43 -0700 2010

ActionController::RoutingError (No route matches "/stylesheets/calendar_date_select/silver.css"):
  

Rendered /Library/Ruby/Gems/1.8/gems/actionpack-3.0.0/lib/action_dispatch/middleware/templates/rescues/routing_error.erb within rescues/layout (0.8ms)


Started GET "/images/ajax-loader.gif?1288539772" for 127.0.0.1 at Sun Oct 31 16:45:43 -0700 2010

ActionController::RoutingError (No route matches "/images/ajax-loader.gif"):
  

Rendered /Library/Ruby/Gems/1.8/gems/actionpack-3.0.0/lib/action_dispatch/middleware/templates/rescues/routing_error.erb within rescues/layout (0.9ms)


Started GET "/javascripts/dragdrop.js?1288539772" for 127.0.0.1 at Sun Oct 31 16:45:43 -0700 2010

ActionController::RoutingError (No route matches "/javascripts/dragdrop.js"):
  

Rendered /Library/Ruby/Gems/1.8/gems/actionpack-3.0.0/lib/action_dispatch/middleware/templates/rescues/routing_error.erb within rescues/layout (0.8ms)


Started GET "/javascripts/controls.js?1288539772" for 127.0.0.1 at Sun Oct 31 16:45:43 -0700 2010

ActionController::RoutingError (No route matches "/javascripts/controls.js"):
  

Rendered /Library/Ruby/Gems/1.8/gems/actionpack-3.0.0/lib/action_dispatch/middleware/templates/rescues/routing_error.erb within rescues/layout (0.8ms)


Started GET "/javascripts/rails.js?1288539772" for 127.0.0.1 at Sun Oct 31 16:45:43 -0700 2010

ActionController::RoutingError (No route matches "/javascripts/rails.js"):
  

Rendered /Library/Ruby/Gems/1.8/gems/actionpack-3.0.0/lib/action_dispatch/middleware/templates/rescues/routing_error.erb within rescues/layout (0.8ms)


Started GET "/javascripts/application.js?1288539772" for 127.0.0.1 at Sun Oct 31 16:45:44 -0700 2010

ActionController::RoutingError (No route matches "/javascripts/application.js"):
  

Rendered /Library/Ruby/Gems/1.8/gems/actionpack-3.0.0/lib/action_dispatch/middleware/templates/rescues/routing_error.erb within rescues/layout (0.8ms)


Started GET "/javascripts/calendar_date_select/calendar_date_select.js?1288539772" for 127.0.0.1 at Sun Oct 31 16:45:44 -0700 2010

ActionController::RoutingError (No route matches "/javascripts/calendar_date_select/calendar_date_select.js"):
  

Rendered /Library/Ruby/Gems/1.8/gems/actionpack-3.0.0/lib/action_dispatch/middleware/templates/rescues/routing_error.erb within rescues/layout (0.8ms)


Started GET "/stylesheets/calendar_date_select/silver.css?1288539772" for 127.0.0.1 at Sun Oct 31 16:45:44 -0700 2010

ActionController::RoutingError (No route matches "/stylesheets/calendar_date_select/silver.css"):
  

Rendered /Library/Ruby/Gems/1.8/gems/actionpack-3.0.0/lib/action_dispatch/middleware/templates/rescues/routing_error.erb within rescues/layout (0.9ms)


Started GET "/images/ajax-loader.gif?1288539772" for 127.0.0.1 at Sun Oct 31 16:45:44 -0700 2010

ActionController::RoutingError (No route matches "/images/ajax-loader.gif"):
  

Rendered /Library/Ruby/Gems/1.8/gems/actionpack-3.0.0/lib/action_dispatch/middleware/templates/rescues/routing_error.erb within rescues/layout (0.9ms)


Started GET "/robots.txt" for 127.0.0.1 at Sun Oct 31 16:45:44 -0700 2010

ActionController::RoutingError (No route matches "/robots.txt"):
  

Rendered /Library/Ruby/Gems/1.8/gems/actionpack-3.0.0/lib/action_dispatch/middleware/templates/rescues/routing_error.erb within rescues/layout (0.9ms)


Started GET "/robots.txt" for 127.0.0.1 at Sun Oct 31 16:45:44 -0700 2010

ActionController::RoutingError (No route matches "/robots.txt"):
  

Rendered /Library/Ruby/Gems/1.8/gems/actionpack-3.0.0/lib/action_dispatch/middleware/templates/rescues/routing_error.erb within rescues/layout (0.8ms)


Started GET "/robots.txt" for 127.0.0.1 at Sun Oct 31 16:45:44 -0700 2010

ActionController::RoutingError (No route matches "/robots.txt"):
  

Rendered /Library/Ruby/Gems/1.8/gems/actionpack-3.0.0/lib/action_dispatch/middleware/templates/rescues/routing_error.erb within rescues/layout (0.9ms)


Started GET "/" for 127.0.0.1 at Sun Oct 31 16:45:44 -0700 2010
  Processing by HomeController#index as HTML
Rendered home/_entity.html.erb (27.9ms)
Rendered home/_attributes.erb (99.9ms)
Rendered home/_more_search_tools.html.erb (128.5ms)
Rendered home/index.html.erb within layouts/application (148.8ms)
Completed 200 OK in 150ms (Views: 149.7ms | ActiveRecord: 0.0ms)


Started GET "/robots.txt" for 127.0.0.1 at Sun Oct 31 16:45:44 -0700 2010

ActionController::RoutingError (No route matches "/robots.txt"):
  

Rendered /Library/Ruby/Gems/1.8/gems/actionpack-3.0.0/lib/action_dispatch/middleware/templates/rescues/routing_error.erb within rescues/layout (1.1ms)


Started GET "/stylesheets/style.css?1288539772" for 127.0.0.1 at Sun Oct 31 16:45:45 -0700 2010

ActionController::RoutingError (No route matches "/stylesheets/style.css"):
  

Rendered /Library/Ruby/Gems/1.8/gems/actionpack-3.0.0/lib/action_dispatch/middleware/templates/rescues/routing_error.erb within rescues/layout (0.9ms)


Started GET "/javascripts/prototype.js?1288539772" for 127.0.0.1 at Sun Oct 31 16:45:45 -0700 2010

ActionController::RoutingError (No route matches "/javascripts/prototype.js"):
  

Rendered /Library/Ruby/Gems/1.8/gems/actionpack-3.0.0/lib/action_dispatch/middleware/templates/rescues/routing_error.erb within rescues/layout (1.3ms)


Started GET "/javascripts/effects.js?1288539772" for 127.0.0.1 at Sun Oct 31 16:45:45 -0700 2010

ActionController::RoutingError (No route matches "/javascripts/effects.js"):
  

Rendered /Library/Ruby/Gems/1.8/gems/actionpack-3.0.0/lib/action_dispatch/middleware/templates/rescues/routing_error.erb within rescues/layout (0.8ms)


Started GET "/javascripts/dragdrop.js?1288539772" for 127.0.0.1 at Sun Oct 31 16:45:45 -0700 2010

ActionController::RoutingError (No route matches "/javascripts/dragdrop.js"):
  

Rendered /Library/Ruby/Gems/1.8/gems/actionpack-3.0.0/lib/action_dispatch/middleware/templates/rescues/routing_error.erb within rescues/layout (0.8ms)


Started GET "/javascripts/controls.js?1288539772" for 127.0.0.1 at Sun Oct 31 16:45:45 -0700 2010

ActionController::RoutingError (No route matches "/javascripts/controls.js"):
  

Rendered /Library/Ruby/Gems/1.8/gems/actionpack-3.0.0/lib/action_dispatch/middleware/templates/rescues/routing_error.erb within rescues/layout (0.8ms)


Started GET "/javascripts/rails.js?1288539772" for 127.0.0.1 at Sun Oct 31 16:45:45 -0700 2010

ActionController::RoutingError (No route matches "/javascripts/rails.js"):
  

Rendered /Library/Ruby/Gems/1.8/gems/actionpack-3.0.0/lib/action_dispatch/middleware/templates/rescues/routing_error.erb within rescues/layout (1.5ms)


Started GET "/javascripts/application.js?1288539772" for 127.0.0.1 at Sun Oct 31 16:45:45 -0700 2010

ActionController::RoutingError (No route matches "/javascripts/application.js"):
  

Rendered /Library/Ruby/Gems/1.8/gems/actionpack-3.0.0/lib/action_dispatch/middleware/templates/rescues/routing_error.erb within rescues/layout (0.9ms)


Started GET "/javascripts/calendar_date_select/calendar_date_select.js?1288539772" for 127.0.0.1 at Sun Oct 31 16:45:45 -0700 2010

ActionController::RoutingError (No route matches "/javascripts/calendar_date_select/calendar_date_select.js"):
  

Rendered /Library/Ruby/Gems/1.8/gems/actionpack-3.0.0/lib/action_dispatch/middleware/templates/rescues/routing_error.erb within rescues/layout (0.9ms)


Started GET "/stylesheets/calendar_date_select/silver.css?1288539772" for 127.0.0.1 at Sun Oct 31 16:45:45 -0700 2010

ActionController::RoutingError (No route matches "/stylesheets/calendar_date_select/silver.css"):
  

Rendered /Library/Ruby/Gems/1.8/gems/actionpack-3.0.0/lib/action_dispatch/middleware/templates/rescues/routing_error.erb within rescues/layout (0.9ms)


Started GET "/images/ajax-loader.gif?1288539772" for 127.0.0.1 at Sun Oct 31 16:45:45 -0700 2010

ActionController::RoutingError (No route matches "/images/ajax-loader.gif"):
  

Rendered /Library/Ruby/Gems/1.8/gems/actionpack-3.0.0/lib/action_dispatch/middleware/templates/rescues/routing_error.erb within rescues/layout (0.9ms)


Started GET "/robots.txt" for 127.0.0.1 at Sun Oct 31 16:45:45 -0700 2010

ActionController::RoutingError (No route matches "/robots.txt"):
  

Rendered /Library/Ruby/Gems/1.8/gems/actionpack-3.0.0/lib/action_dispatch/middleware/templates/rescues/routing_error.erb within rescues/layout (0.8ms)


Started GET "/robots.txt" for 127.0.0.1 at Sun Oct 31 16:45:45 -0700 2010

ActionController::RoutingError (No route matches "/robots.txt"):
  

Rendered /Library/Ruby/Gems/1.8/gems/actionpack-3.0.0/lib/action_dispatch/middleware/templates/rescues/routing_error.erb within rescues/layout (0.8ms)


Started GET "/robots.txt" for 127.0.0.1 at Sun Oct 31 16:45:45 -0700 2010

ActionController::RoutingError (No route matches "/robots.txt"):
  

Rendered /Library/Ruby/Gems/1.8/gems/actionpack-3.0.0/lib/action_dispatch/middleware/templates/rescues/routing_error.erb within rescues/layout (0.8ms)


Started GET "/robots.txt" for 127.0.0.1 at Mon Nov 01 19:02:51 -0700 2010

ActionController::RoutingError (No route matches "/robots.txt"):
  

Rendered /Library/Ruby/Gems/1.8/gems/actionpack-3.0.0/lib/action_dispatch/middleware/templates/rescues/routing_error.erb within rescues/layout (0.9ms)


Started GET "/robots.txt" for 127.0.0.1 at Mon Nov 01 19:02:52 -0700 2010

ActionController::RoutingError (No route matches "/robots.txt"):
  

Rendered /Library/Ruby/Gems/1.8/gems/actionpack-3.0.0/lib/action_dispatch/middleware/templates/rescues/routing_error.erb within rescues/layout (0.8ms)


Started GET "/robots.txt" for 127.0.0.1 at Mon Nov 01 19:02:52 -0700 2010

ActionController::RoutingError (No route matches "/robots.txt"):
  

Rendered /Library/Ruby/Gems/1.8/gems/actionpack-3.0.0/lib/action_dispatch/middleware/templates/rescues/routing_error.erb within rescues/layout (0.8ms)


Started GET "/robots.txt" for 127.0.0.1 at Mon Nov 01 19:02:52 -0700 2010

ActionController::RoutingError (No route matches "/robots.txt"):
  

Rendered /Library/Ruby/Gems/1.8/gems/actionpack-3.0.0/lib/action_dispatch/middleware/templates/rescues/routing_error.erb within rescues/layout (0.9ms)


Started GET "/robots.txt" for 127.0.0.1 at Mon Nov 01 19:02:53 -0700 2010

ActionController::RoutingError (No route matches "/robots.txt"):
  

Rendered /Library/Ruby/Gems/1.8/gems/actionpack-3.0.0/lib/action_dispatch/middleware/templates/rescues/routing_error.erb within rescues/layout (0.8ms)


Started GET "/robots.txt" for 127.0.0.1 at Mon Nov 01 19:02:53 -0700 2010

ActionController::RoutingError (No route matches "/robots.txt"):
  

Rendered /Library/Ruby/Gems/1.8/gems/actionpack-3.0.0/lib/action_dispatch/middleware/templates/rescues/routing_error.erb within rescues/layout (0.8ms)


Started GET "/robots.txt" for 127.0.0.1 at Mon Nov 01 19:02:53 -0700 2010

ActionController::RoutingError (No route matches "/robots.txt"):
  

Rendered /Library/Ruby/Gems/1.8/gems/actionpack-3.0.0/lib/action_dispatch/middleware/templates/rescues/routing_error.erb within rescues/layout (0.8ms)
